#
# There is insufficient memory for the Java Runtime Environment to continue.
# Native memory allocation (mmap) failed to map 201326592 bytes for G1 virtual space
# Possible reasons:
#   The system is out of physical RAM or swap space
#   The process is running with CompressedOops enabled, and the Java Heap may be blocking the growth of the native heap
# Possible solutions:
#   Reduce memory load on the system
#   Increase physical memory or swap space
#   Check if swap backing store is full
#   Decrease Java heap size (-Xmx/-Xms)
#   Decrease number of Java threads
#   Decrease Java thread stack sizes (-Xss)
#   Set larger code cache with -XX:ReservedCodeCacheSize=
#   JVM is running with Zero Based Compressed Oops mode in which the Java heap is
#     placed in the first 32GB address space. The Java Heap base address is the
#     maximum limit for the native heap growth. Please use -XX:HeapBaseMinAddress
#     to set the Java Heap base and to place the Java Heap above 32GB virtual address.
# This output file may be truncated or incomplete.
#
#  Out of Memory Error (os_windows.cpp:3532), pid=29248, tid=6920
#
# JRE version:  (17.0.2+8) (build )
# Java VM: OpenJDK 64-Bit Server VM (17.0.2+8, mixed mode, sharing, tiered, compressed oops, compressed class ptrs, g1 gc, windows-amd64)
# No core dump will be written. Minidumps are not enabled by default on client versions of Windows
#

---------------  S U M M A R Y ------------

Command Line: -Dfile.encoding=UTF-8 -XX:+ShowCodeDetailsInExceptionMessages com.nashtech.assignment.ecommerce.EcommerceApplication

Host: Intel(R) Core(TM) i5-8250U CPU @ 1.60GHz, 8 cores, 11G,  Windows 10 , 64 bit Build 19041 (10.0.19041.1741)
Time: Sun Jul 10 11:46:52 2022 SE Asia Standard Time elapsed time: 0.016558 seconds (0d 0h 0m 0s)

---------------  T H R E A D  ---------------

Current thread (0x0000025e04694970):  JavaThread "Unknown thread" [_thread_in_vm, id=6920, stack(0x000000f3ddf00000,0x000000f3de000000)]

Stack: [0x000000f3ddf00000,0x000000f3de000000]
Native frames: (J=compiled Java code, j=interpreted, Vv=VM code, C=native code)
V  [jvm.dll+0x67564a]
V  [jvm.dll+0x82fc04]
V  [jvm.dll+0x8313ae]
V  [jvm.dll+0x831a13]
V  [jvm.dll+0x245235]
V  [jvm.dll+0x672539]
V  [jvm.dll+0x666e82]
V  [jvm.dll+0x30401b]
V  [jvm.dll+0x30b566]
V  [jvm.dll+0x35b1fe]
V  [jvm.dll+0x35b42f]
V  [jvm.dll+0x2daf58]
V  [jvm.dll+0x2dbec4]
V  [jvm.dll+0x801881]
V  [jvm.dll+0x368f81]
V  [jvm.dll+0x7e0cdc]
V  [jvm.dll+0x3eb8bf]
V  [jvm.dll+0x3ed441]
C  [jli.dll+0x5277]
C  [ucrtbase.dll+0x21bb2]
C  [KERNEL32.DLL+0x17034]
C  [ntdll.dll+0x52651]


---------------  P R O C E S S  ---------------

Threads class SMR info:
_java_thread_list=0x00007ffba4af5e98, length=0, elements={
}

Java Threads: ( => current thread )

Other Threads:
  0x0000025e046d9af0 GCTaskThread "GC Thread#0" [stack: 0x000000f3de000000,0x000000f3de100000] [id=26312]
  0x0000025e046e70e0 ConcurrentGCThread "G1 Main Marker" [stack: 0x000000f3de100000,0x000000f3de200000] [id=18756]
  0x0000025e046e7af0 ConcurrentGCThread "G1 Conc#0" [stack: 0x000000f3de200000,0x000000f3de300000] [id=32132]

[error occurred during error reporting (printing all threads), id 0xc0000005, EXCEPTION_ACCESS_VIOLATION (0xc0000005) at pc=0x00007ffba42cb9d7]

VM state: not at safepoint (not fully initialized)

VM Mutex/Monitor currently owned by a thread:  ([mutex/lock_event])
[0x0000025e026bd9e0] Heap_lock - owner thread: 0x0000025e04694970

Heap address: 0x0000000741c00000, size: 3044 MB, Compressed Oops mode: Zero based, Oop shift amount: 3

CDS archive(s) mapped at: [0x0000000000000000-0x0000000000000000-0x0000000000000000), size 0, SharedBaseAddress: 0x0000000800000000, ArchiveRelocationMode: 0.
Narrow klass base: 0x0000000000000000, Narrow klass shift: 0, Narrow klass range: 0x0

GC Precious Log:
<Empty>

Heap:
 garbage-first heap   total 0K, used 0K [0x0000000741c00000, 0x0000000800000000)
  region size 2048K, 0 young (0K), 0 survivors (0K)

[error occurred during error reporting (printing heap information), id 0xc0000005, EXCEPTION_ACCESS_VIOLATION (0xc0000005) at pc=0x00007ffba46ae899]

GC Heap History (0 events):
No events

Deoptimization events (0 events):
No events

Classes unloaded (0 events):
No events

Classes redefined (0 events):
No events

Internal exceptions (0 events):
No events

VM Operations (0 events):
No events

Events (1 events):
Event: 0.009 Loaded shared library E:\Java Wen\Eclipse Java\eclipse\plugins\org.eclipse.justj.openjdk.hotspot.jre.full.win32.x86_64_17.0.2.v20220201-1208\jre\bin\java.dll


Dynamic libraries:
0x00007ff7c3680000 - 0x00007ff7c368e000 	E:\Java Wen\Eclipse Java\eclipse\plugins\org.eclipse.justj.openjdk.hotspot.jre.full.win32.x86_64_17.0.2.v20220201-1208\jre\bin\javaw.exe
0x00007ffbfb1d0000 - 0x00007ffbfb3c7000 	C:\Windows\SYSTEM32\ntdll.dll
0x00007ffbb7b10000 - 0x00007ffbb7b26000 	C:\Program Files\AVG\Antivirus\aswhook.dll
0x00007ffbfa4a0000 - 0x00007ffbfa55d000 	C:\Windows\System32\KERNEL32.DLL
0x00007ffbf8c30000 - 0x00007ffbf8efd000 	C:\Windows\System32\KERNELBASE.dll
0x00007ffbf8fa0000 - 0x00007ffbf90a0000 	C:\Windows\System32\ucrtbase.dll
0x00007ffbf15b0000 - 0x00007ffbf15c9000 	E:\Java Wen\Eclipse Java\eclipse\plugins\org.eclipse.justj.openjdk.hotspot.jre.full.win32.x86_64_17.0.2.v20220201-1208\jre\bin\VCRUNTIME140.dll
0x00007ffbe78d0000 - 0x00007ffbe78e8000 	E:\Java Wen\Eclipse Java\eclipse\plugins\org.eclipse.justj.openjdk.hotspot.jre.full.win32.x86_64_17.0.2.v20220201-1208\jre\bin\jli.dll
0x00007ffbf9890000 - 0x00007ffbf9a30000 	C:\Windows\System32\USER32.dll
0x00007ffbdf500000 - 0x00007ffbdf79a000 	C:\Windows\WinSxS\amd64_microsoft.windows.common-controls_6595b64144ccf1df_6.0.19041.1110_none_60b5254171f9507e\COMCTL32.dll
0x00007ffbf90a0000 - 0x00007ffbf90c2000 	C:\Windows\System32\win32u.dll
0x00007ffbfa260000 - 0x00007ffbfa28a000 	C:\Windows\System32\GDI32.dll
0x00007ffbfb0e0000 - 0x00007ffbfb17e000 	C:\Windows\System32\msvcrt.dll
0x00007ffbf8a20000 - 0x00007ffbf8b2b000 	C:\Windows\System32\gdi32full.dll
0x00007ffbf8f00000 - 0x00007ffbf8f9d000 	C:\Windows\System32\msvcp_win.dll
0x00007ffbf9390000 - 0x00007ffbf93c0000 	C:\Windows\System32\IMM32.DLL
0x00007ffbf15a0000 - 0x00007ffbf15ac000 	E:\Java Wen\Eclipse Java\eclipse\plugins\org.eclipse.justj.openjdk.hotspot.jre.full.win32.x86_64_17.0.2.v20220201-1208\jre\bin\vcruntime140_1.dll
0x00007ffbc66d0000 - 0x00007ffbc6761000 	E:\Java Wen\Eclipse Java\eclipse\plugins\org.eclipse.justj.openjdk.hotspot.jre.full.win32.x86_64_17.0.2.v20220201-1208\jre\bin\msvcp140.dll
0x00007ffba3fe0000 - 0x00007ffba4c27000 	E:\Java Wen\Eclipse Java\eclipse\plugins\org.eclipse.justj.openjdk.hotspot.jre.full.win32.x86_64_17.0.2.v20220201-1208\jre\bin\server\jvm.dll
0x00007ffbf9260000 - 0x00007ffbf930e000 	C:\Windows\System32\ADVAPI32.dll
0x00007ffbfa350000 - 0x00007ffbfa3ec000 	C:\Windows\System32\sechost.dll
0x00007ffbfa060000 - 0x00007ffbfa185000 	C:\Windows\System32\RPCRT4.dll
0x00007ffbfb180000 - 0x00007ffbfb188000 	C:\Windows\System32\PSAPI.DLL
0x00007ffbd2740000 - 0x00007ffbd2767000 	C:\Windows\SYSTEM32\WINMM.dll
0x00007ffbe4600000 - 0x00007ffbe4609000 	C:\Windows\SYSTEM32\WSOCK32.dll
0x00007ffbf0bb0000 - 0x00007ffbf0bba000 	C:\Windows\SYSTEM32\VERSION.dll
0x00007ffbf9ff0000 - 0x00007ffbfa05b000 	C:\Windows\System32\WS2_32.dll
0x00007ffbf67f0000 - 0x00007ffbf6802000 	C:\Windows\SYSTEM32\kernel.appcore.dll
0x00007ffbf47c0000 - 0x00007ffbf47ca000 	E:\Java Wen\Eclipse Java\eclipse\plugins\org.eclipse.justj.openjdk.hotspot.jre.full.win32.x86_64_17.0.2.v20220201-1208\jre\bin\jimage.dll
0x00007ffbe8d80000 - 0x00007ffbe8f64000 	C:\Windows\SYSTEM32\DBGHELP.DLL
0x00007ffbe8b90000 - 0x00007ffbe8bbc000 	C:\Windows\SYSTEM32\dbgcore.DLL
0x00007ffbf8b30000 - 0x00007ffbf8bb2000 	C:\Windows\System32\bcryptPrimitives.dll
0x00007ffbe4750000 - 0x00007ffbe4775000 	E:\Java Wen\Eclipse Java\eclipse\plugins\org.eclipse.justj.openjdk.hotspot.jre.full.win32.x86_64_17.0.2.v20220201-1208\jre\bin\java.dll

dbghelp: loaded successfully - version: 4.0.5 - missing functions: none
symbol engine: initialized successfully - sym options: 0x614 - pdb path: .;E:\Java Wen\Eclipse Java\eclipse\plugins\org.eclipse.justj.openjdk.hotspot.jre.full.win32.x86_64_17.0.2.v20220201-1208\jre\bin;C:\Windows\SYSTEM32;C:\Program Files\AVG\Antivirus;C:\Windows\WinSxS\amd64_microsoft.windows.common-controls_6595b64144ccf1df_6.0.19041.1110_none_60b5254171f9507e;E:\Java Wen\Eclipse Java\eclipse\plugins\org.eclipse.justj.openjdk.hotspot.jre.full.win32.x86_64_17.0.2.v20220201-1208\jre\bin\server

VM Arguments:
jvm_args: -Dfile.encoding=UTF-8 -XX:+ShowCodeDetailsInExceptionMessages 
java_command: com.nashtech.assignment.ecommerce.EcommerceApplication
java_class_path (initial): E:\Lap Trinh Android\Test Github\NashTech_First_Assignment\ecommerce\target\classes;C:\Users\Admin\.m2\repository\org\springframework\boot\spring-boot-starter-security\2.6.5\spring-boot-starter-security-2.6.5.jar;C:\Users\Admin\.m2\repository\org\springframework\boot\spring-boot-starter\2.6.5\spring-boot-starter-2.6.5.jar;C:\Users\Admin\.m2\repository\org\springframework\boot\spring-boot\2.6.5\spring-boot-2.6.5.jar;C:\Users\Admin\.m2\repository\org\springframework\boot\spring-boot-autoconfigure\2.6.5\spring-boot-autoconfigure-2.6.5.jar;C:\Users\Admin\.m2\repository\org\springframework\boot\spring-boot-starter-logging\2.6.5\spring-boot-starter-logging-2.6.5.jar;C:\Users\Admin\.m2\repository\ch\qos\logback\logback-classic\1.2.11\logback-classic-1.2.11.jar;C:\Users\Admin\.m2\repository\ch\qos\logback\logback-core\1.2.11\logback-core-1.2.11.jar;C:\Users\Admin\.m2\repository\org\apache\logging\log4j\log4j-to-slf4j\2.17.2\log4j-to-slf4j-2.17.2.jar;C:\Users\Admin\.m2\repository\org\apache\logging\log4j\log4j-api\2.17.2\log4j-api-2.17.2.jar;C:\Users\Admin\.m2\repository\org\slf4j\jul-to-slf4j\1.7.36\jul-to-slf4j-1.7.36.jar;C:\Users\Admin\.m2\repository\jakarta\annotation\jakarta.annotation-api\1.3.5\jakarta.annotation-api-1.3.5.jar;C:\Users\Admin\.m2\repository\org\yaml\snakeyaml\1.29\snakeyaml-1.29.jar;C:\Users\Admin\.m2\repository\org\springframework\spring-aop\5.3.17\spring-aop-5.3.17.jar;C:\Users\Admin\.m2\repository\org\springframework\spring-beans\5.3.17\spring-beans-5.3.17.jar;C:\Users\Admin\.m2\repository\org\springframework\security\spring-security-config\5.6.2\spring-security-config-5.6.2.jar;C:\Users\Admin\.m2\repository\org\springframework\spring-context\5.3.17\spring-context-5.3.17.jar;C:\Users\Admin\.m2\repository\org\springframework\security\spring-security-web\5.6.2\spring-security-web-5.6.2.jar;C:\Users\Admin\.m2\repository\org\springframework\spring-expression\5.3.17\spring-expression-5.3.17.jar;C:\Users\Admin\.m2\repository\or
Launcher Type: SUN_STANDARD

[Global flags]
     intx CICompilerCount                          = 4                                         {product} {ergonomic}
     uint ConcGCThreads                            = 2                                         {product} {ergonomic}
     uint G1ConcRefinementThreads                  = 8                                         {product} {ergonomic}
   size_t G1HeapRegionSize                         = 2097152                                   {product} {ergonomic}
    uintx GCDrainStackTargetSize                   = 64                                        {product} {ergonomic}
   size_t InitialHeapSize                          = 201326592                                 {product} {ergonomic}
   size_t MarkStackSize                            = 4194304                                   {product} {ergonomic}
   size_t MaxHeapSize                              = 3191865344                                {product} {ergonomic}
   size_t MinHeapDeltaBytes                        = 2097152                                   {product} {ergonomic}
   size_t MinHeapSize                              = 8388608                                   {product} {ergonomic}
    uintx NonNMethodCodeHeapSize                   = 5839372                                {pd product} {ergonomic}
    uintx NonProfiledCodeHeapSize                  = 122909434                              {pd product} {ergonomic}
    uintx ProfiledCodeHeapSize                     = 122909434                              {pd product} {ergonomic}
    uintx ReservedCodeCacheSize                    = 251658240                              {pd product} {ergonomic}
     bool SegmentedCodeCache                       = true                                      {product} {ergonomic}
     bool ShowCodeDetailsInExceptionMessages       = true                                   {manageable} {command line}
   size_t SoftMaxHeapSize                          = 3191865344                             {manageable} {ergonomic}
     bool UseCompressedClassPointers               = true                           {product lp64_product} {ergonomic}
     bool UseCompressedOops                        = true                           {product lp64_product} {ergonomic}
     bool UseG1GC                                  = true                                      {product} {ergonomic}
     bool UseLargePagesIndividualAllocation        = false                                  {pd product} {ergonomic}

Logging:
Log output configuration:
 #0: stdout all=warning uptime,level,tags
 #1: stderr all=off uptime,level,tags

Environment Variables:
JAVA_HOME=E:\Java - First Step\JAVADK
PATH=E:/Java Wen/Eclipse Java/eclipse//plugins/org.eclipse.justj.openjdk.hotspot.jre.full.win32.x86_64_17.0.2.v20220201-1208/jre/bin/server;E:/Java Wen/Eclipse Java/eclipse//plugins/org.eclipse.justj.openjdk.hotspot.jre.full.win32.x86_64_17.0.2.v20220201-1208/jre/bin;C:\Program Files (x86)\VMware\VMware Workstation\bin\;C:\Program Files\Common Files\Oracle\Java\javapath;C:\Windows\system32;C:\Windows;C:\Windows\System32\Wbem;C:\Windows\System32\WindowsPowerShell\v1.0\;C:\Windows\System32\OpenSSH\;C:\Users\Admin\Desktop\mingw64\bin;C:\Users\Admin\Desktop\mingw64\bin\g++.exe;C:\Users\Admin\Desktop\mingw64\bin;E:\runtime\win64;E:\bin;E:\polyspace\bin;E:\newpoly\runtime\win64;E:\newpoly\bin;E:\newpoly\polyspace\bin;C:\Program Files\dotnet\;C:\Program Files\mingw-w64\x86_64-8.1.0-posix-seh-rt_v6-rev0\mingw64\bin;C:\Program Files\Java\jdk-17.0.1\bin;C:\Program Files (x86)\VietPN;E:\MATLAB WORK\runtime\win64;E:\MATLAB WORK\bin;E:\MATLAB WORK\polyspace\bin;C:\Program Files (x86)\Calibre2\;";E:\Lap Trinh Android\Android Developer\platform-tools;E:\Lap Trinh Android\Android Developer\tools;E:\Lap Trinh Android\Android Developer\tools\bin";E:\KotLin\kotlin\kotlinc\bin;C:\Program Files\Git\cmd;E:\Learn Front-End\NodeJs\;C:\Program Files\Cloudflare\Cloudflare WARP\;C:\Program Files\Microsoft SQL Server\Client SDK\ODBC\170\Tools\Binn\;C:\Program Files (x86)\Microsoft SQL Server\150\Tools\Binn\;C:\Program Files\Microsoft SQL Server\150\Tools\Binn\;C:\Program Files\Microsoft SQL Server\150\DTS\Binn\;C:\Program Files (x86)\Microsoft SQL Server\150\DTS\Binn\;C:\Program Files\Azure Data Studio\bin;E:\Lap Trinh Android\Android Tools\cmdline-tools\bin;E:\Lap Trinh Android\Android Tools\cmdline-tools\bin\sdkmanager.bat;C:\Users\Admin\AppData\Local\Microsoft\WindowsApps;C:\Users\Admin\AppData\Local\GitHubDesktop\bin;C:\Users\Admin\AppData\Local\atom\bin;C:\Users\Admin\AppData\Roaming\npm;C:\Users\Admin\Desktop\Java - First Step\IntelliJ IDEA Community Edition 2022.1\bin;;C:\Program Files\Azu
USERNAME=Admin
OS=Windows_NT
PROCESSOR_IDENTIFIER=Intel64 Family 6 Model 142 Stepping 10, GenuineIntel



---------------  S Y S T E M  ---------------

OS:
 Windows 10 , 64 bit Build 19041 (10.0.19041.1741)
OS uptime: 18 days 18:13 hours

CPU: total 8 (initial active 8) (4 cores per cpu, 2 threads per core) family 6 model 142 stepping 10 microcode 0xb4, cx8, cmov, fxsr, ht, mmx, 3dnowpref, sse, sse2, sse3, ssse3, sse4.1, sse4.2, popcnt, lzcnt, tsc, tscinvbit, avx, avx2, aes, erms, clmul, bmi1, bmi2, adx, fma, vzeroupper, clflush, clflushopt

Memory: 4k page, system-wide physical 12170M (510M free)
TotalPageFile size 21322M (AvailPageFile size 70M)
current process WorkingSet (physical memory assigned to process): 10M, peak: 10M
current process commit charge ("private bytes"): 60M, peak: 252M

vm_info: OpenJDK 64-Bit Server VM (17.0.2+8) for windows-amd64 JRE (17.0.2+8), built on Jan 20 2022 04:52:34 by "" with MS VC++ 16.7 (VS2019)

END.
